[debug] [2022-02-26T02:38:42.795Z] ----------------------------------------------------------------------
[debug] [2022-02-26T02:38:42.797Z] Command:       /usr/local/bin/node /usr/local/bin/firebase init
[debug] [2022-02-26T02:38:42.797Z] CLI Version:   9.6.1
[debug] [2022-02-26T02:38:42.797Z] Platform:      darwin
[debug] [2022-02-26T02:38:42.797Z] Node Version:  v16.14.0
[debug] [2022-02-26T02:38:42.816Z] Time:          Fri Feb 25 2022 18:38:42 GMT-0800 (Pacific Standard Time)
[debug] [2022-02-26T02:38:42.816Z] ----------------------------------------------------------------------
[debug] [2022-02-26T02:38:42.816Z] 
[debug] [2022-02-26T02:38:42.820Z] >>> [apiv2][query] GET https://firebase-public.firebaseio.com/cli.json [none]
[debug] [2022-02-26T02:38:42.842Z] > command requires scopes: ["email","openid","https://www.googleapis.com/auth/cloudplatformprojects.readonly","https://www.googleapis.com/auth/firebase","https://www.googleapis.com/auth/cloud-platform"]
[debug] [2022-02-26T02:38:42.843Z] > authorizing via signed-in user
[info] 
     ######## #### ########  ######## ########     ###     ######  ########
     ##        ##  ##     ## ##       ##     ##  ##   ##  ##       ##
     ######    ##  ########  ######   ########  #########  ######  ######
     ##        ##  ##    ##  ##       ##     ## ##     ##       ## ##
     ##       #### ##     ## ######## ########  ##     ##  ######  ########

You're about to initialize a Firebase project in this directory:

  /Users/vivianduong

Before we get started, keep in mind:

  * You are initializing in an existing Firebase project directory

[debug] [2022-02-26T02:38:43.294Z] <<< [apiv2][status] GET https://firebase-public.firebaseio.com/cli.json 200
[debug] [2022-02-26T02:38:43.294Z] <<< [apiv2][body] GET https://firebase-public.firebaseio.com/cli.json {"cloudBuildErrorAfter":1594252800000,"cloudBuildWarnAfter":1590019200000,"defaultNode10After":1594252800000,"minVersion":"3.0.5","node8DeploysDisabledAfter":1613390400000,"node8RuntimeDisabledAfter":1615809600000,"node8WarnAfter":1600128000000}
